mode: set
github.com/choobot/choo-todo-bot/app/controller/web_controller.go:20.55,24.2 3 1
github.com/choobot/choo-todo-bot/app/controller/web_controller.go:26.56,35.2 2 1
github.com/choobot/choo-todo-bot/app/controller/web_controller.go:37.56,45.2 7 0
github.com/choobot/choo-todo-bot/app/controller/web_controller.go:47.55,52.45 5 0
github.com/choobot/choo-todo-bot/app/controller/web_controller.go:56.2,58.16 3 0
github.com/choobot/choo-todo-bot/app/controller/web_controller.go:62.2,63.16 2 0
github.com/choobot/choo-todo-bot/app/controller/web_controller.go:67.2,72.54 6 0
github.com/choobot/choo-todo-bot/app/controller/web_controller.go:52.45,55.3 2 0
github.com/choobot/choo-todo-bot/app/controller/web_controller.go:58.16,60.3 1 0
github.com/choobot/choo-todo-bot/app/controller/web_controller.go:63.16,65.3 1 0
github.com/choobot/choo-todo-bot/app/controller/web_controller.go:75.55,79.18 4 0
github.com/choobot/choo-todo-bot/app/controller/web_controller.go:82.2,83.16 2 0
github.com/choobot/choo-todo-bot/app/controller/web_controller.go:86.2,86.37 1 0
github.com/choobot/choo-todo-bot/app/controller/web_controller.go:79.18,81.3 1 0
github.com/choobot/choo-todo-bot/app/controller/web_controller.go:83.16,85.3 1 0
github.com/choobot/choo-todo-bot/app/controller/web_controller.go:89.54,92.37 3 0
github.com/choobot/choo-todo-bot/app/controller/web_controller.go:95.2,95.50 1 0
github.com/choobot/choo-todo-bot/app/controller/web_controller.go:98.2,98.35 1 0
github.com/choobot/choo-todo-bot/app/controller/web_controller.go:92.37,94.3 1 0
github.com/choobot/choo-todo-bot/app/controller/web_controller.go:95.50,97.3 1 0
github.com/choobot/choo-todo-bot/app/controller/web_controller.go:101.55,104.37 3 0
github.com/choobot/choo-todo-bot/app/controller/web_controller.go:107.2,108.51 2 0
github.com/choobot/choo-todo-bot/app/controller/web_controller.go:111.2,111.35 1 0
github.com/choobot/choo-todo-bot/app/controller/web_controller.go:104.37,106.3 1 0
github.com/choobot/choo-todo-bot/app/controller/web_controller.go:108.51,110.3 1 0
github.com/choobot/choo-todo-bot/app/controller/web_controller.go:114.59,123.2 4 0
github.com/choobot/choo-todo-bot/app/controller/web_controller.go:125.57,129.23 4 0
github.com/choobot/choo-todo-bot/app/controller/web_controller.go:135.2,137.54 3 0
github.com/choobot/choo-todo-bot/app/controller/web_controller.go:129.23,131.17 2 0
github.com/choobot/choo-todo-bot/app/controller/web_controller.go:131.17,133.4 1 0
